{"logTime": "0910/084139", "correlationVector":"yYL/Qj6rH6qtPrlGnZDT6S.1","action":"SyncServerConnectionManagerRequest", "result":"SYNC_SERVER_OK", "context":{"environment":"Prod_WestEurope_x00e", "migrationStage":"NotStarted", "server":"general0100000O"}}
{"logTime": "0910/084142", "correlationVector":"rMqrg8kDGBLLg6qvQYtQak","action":"SyncServerConnectionManagerRequest", "result":"SYNC_SERVER_OK", "context":{"environment":"", "migrationStage":"", "server":""}}
{"logTime": "0910/084142", "correlationVector":"yYL/Qj6rH6qtPrlGnZDT6S","action":"Initial GetUpdates", "result":"", "context":Reason: NEW_CLIENT. cV=yYL/Qj6rH6qtPrlGnZDT6S}
{"logTime": "0910/084142", "correlationVector":"yYL/Qj6rH6qtPrlGnZDT6S.2","action":"GetUpdates Response", "result":"Success", "context":Received 1 update(s). cV=yYL/Qj6rH6qtPrlGnZDT6S.0;server=general0100000O;cloudType=Consumer;environment=Prod_WestEurope_x00e;migrationStage=NotStarted}
{"logTime": "0910/084142", "correlationVector":"AqtyGMvbHVZlmjMku/YQqx","action":"Initial GetUpdates", "result":"", "context":Reason: NEWLY_SUPPORTED_DATATYPE. cV=AqtyGMvbHVZlmjMku/YQqx}
{"logTime": "0910/084143", "correlationVector":"AqtyGMvbHVZlmjMku/YQqx.1","action":"SyncServerConnectionManagerRequest", "result":"SYNC_SERVER_OK", "context":{"environment":"Prod_NorthEurope_x00f", "migrationStage":"NotStarted", "server":"GENERAL0100000V"}}
{"logTime": "0910/084143", "correlationVector":"AqtyGMvbHVZlmjMku/YQqx.2","action":"GetUpdates", "result":"DeleteReceived", "context":{"id":"f846aabd-259b-41e2-97cf-eb8cadb6a2bb", "isDeleted:":"true", "version":"1712534051848"}}
{"logTime": "0910/084143", "correlationVector":"AqtyGMvbHVZlmjMku/YQqx.3","action":"GetUpdates", "result":"DeleteReceived", "context":{"id":"d1743c68-c539-4752-bc44-2f31b44bf138", "isDeleted:":"true", "version":"1712534054550"}}
{"logTime": "0910/084143", "correlationVector":"AqtyGMvbHVZlmjMku/YQqx.4","action":"GetUpdates", "result":"DeleteReceived", "context":{"id":"3fd22676-62de-4fea-9d09-827011d1a5e7", "isDeleted:":"true", "version":"1712534069588"}}
{"logTime": "0910/084143", "correlationVector":"AqtyGMvbHVZlmjMku/YQqx.5","action":"GetUpdates Response", "result":"Success", "context":Received 85 update(s). cV=AqtyGMvbHVZlmjMku/YQqx.0;server=GENERAL0100000V;cloudType=Consumer;environment=Prod_NorthEurope_x00f;migrationStage=NotStarted}
{"logTime": "0910/084143", "correlationVector":"oZq988GhKVPNAmyiAvdBHF","action":"Initial GetUpdates", "result":"", "context":Reason: NEWLY_SUPPORTED_DATATYPE. cV=oZq988GhKVPNAmyiAvdBHF}
{"logTime": "0910/084144", "correlationVector":"oZq988GhKVPNAmyiAvdBHF.1","action":"SyncServerConnectionManagerRequest", "result":"SYNC_SERVER_OK", "context":{"environment":"Prod_WestEurope_000l", "migrationStage":"NotStarted", "server":"GENERAL0100001B"}}
{"logTime": "0910/084144", "correlationVector":"oZq988GhKVPNAmyiAvdBHF.2","action":"GetUpdates Response", "result":"Success", "context":Received 10 update(s). cV=oZq988GhKVPNAmyiAvdBHF.0;server=GENERAL0100001B;cloudType=Consumer;environment=Prod_WestEurope_000l;migrationStage=NotStarted}
{"logTime": "0910/084144", "correlationVector":"q9xliDBw6kA/AFDOHE8fPj","action":"Initial GetUpdates", "result":"", "context":Reason: NEWLY_SUPPORTED_DATATYPE. cV=q9xliDBw6kA/AFDOHE8fPj}
{"logTime": "0910/084145", "correlationVector":"q9xliDBw6kA/AFDOHE8fPj.1","action":"SyncServerConnectionManagerRequest", "result":"SYNC_SERVER_OK", "context":{"environment":"Prod_WestEurope_000l", "migrationStage":"NotStarted", "server":"GENERAL0100001I"}}
{"logTime": "0910/084145", "correlationVector":"q9xliDBw6kA/AFDOHE8fPj.2","action":"GetUpdates Response", "result":"Success", "context":Received 68 update(s). cV=q9xliDBw6kA/AFDOHE8fPj.0;server=GENERAL0100001I;cloudType=Consumer;environment=Prod_WestEurope_000l;migrationStage=NotStarted}
{"logTime": "0910/084145", "correlationVector":"wvANzhgpY9LggNRaoSnszu","action":"Normal GetUpdate request", "result":"", "context":cV=wvANzhgpY9LggNRaoSnszu
Nudged types: Bookmarks, Device Info, User Consents
Refresh requested types: Bookmarks, Preferences, Passwords, Autofill Profiles, Autofill, Extensions, Extension settings, Device Info, User Consents, Send Tab To Self, Web Apps, Collection, Edge E Drop, Edge Hub App Usage, Edge Wallet, Encryption Keys}
{"logTime": "0910/084145", "correlationVector":"wvANzhgpY9LggNRaoSnszu.1","action":"SyncServerConnectionManagerRequest", "result":"SYNC_SERVER_OK", "context":{"environment":"Prod_WestEurope_x00e", "migrationStage":"NotStarted", "server":"general01000017"}}
{"logTime": "0910/084145", "correlationVector":"wvANzhgpY9LggNRaoSnszu.2","action":"GetUpdates Response", "result":"Success", "context":Received 0 update(s). cV=wvANzhgpY9LggNRaoSnszu.0;server=general01000017;cloudType=Consumer;environment=Prod_WestEurope_x00e;migrationStage=NotStarted}
{"logTime": "0910/084145", "correlationVector":"FGfN88Z3Z+u+hpuIBRQUSG","action":"Commit Request", "result":"", "context":Item count: 6
Contributing types: Bookmarks, Device Info, User Consents}
{"logTime": "0910/084146", "correlationVector":"FGfN88Z3Z+u+hpuIBRQUSG.1","action":"SyncServerConnectionManagerRequest", "result":"SYNC_SERVER_OK", "context":{"environment":"Prod_NorthEurope_x00f", "migrationStage":"NotStarted", "server":"GENERAL0100001I"}}
{"logTime": "0910/084146", "correlationVector":"FGfN88Z3Z+u+hpuIBRQUSG.2","action":"Commit Response", "result":"Success", "context":Result: Success. cV=FGfN88Z3Z+u+hpuIBRQUSG.0;server=GENERAL0100001I;cloudType=Consumer;environment=Prod_NorthEurope_x00f;migrationStage=NotStarted}
{"logTime": "0910/084146", "correlationVector":"y5wYAOSCQSI67Fp3sfYwqG","action":"Normal GetUpdate request", "result":"", "context":cV=y5wYAOSCQSI67Fp3sfYwqG
Nudged types: Device Info}
{"logTime": "0910/084147", "correlationVector":"y5wYAOSCQSI67Fp3sfYwqG.1","action":"SyncServerConnectionManagerRequest", "result":"SYNC_SERVER_OK", "context":{"environment":"Prod_NorthEurope_x00f", "migrationStage":"NotStarted", "server":"GENERAL0100000R"}}
{"logTime": "0910/084147", "correlationVector":"y5wYAOSCQSI67Fp3sfYwqG.2","action":"GetUpdates Response", "result":"Success", "context":Received 4 update(s). cV=y5wYAOSCQSI67Fp3sfYwqG.0;server=GENERAL0100000R;cloudType=Consumer;environment=Prod_NorthEurope_x00f;migrationStage=NotStarted}
{"logTime": "0910/084147", "correlationVector":"d2B1Rsv2olyKuzz4jUUgXZ","action":"DoCompareDataConsistency requsted types: ", "result":"Bookmarks, Preferences, Passwords, Extensions, Extension settings, Send Tab To Self, Web Apps, Collection, Edge E Drop, Edge Wallet, Encryption Keys"}
{"logTime": "0910/084147", "correlationVector":"d2B1Rsv2olyKuzz4jUUgXZ.0","action":"CompareDataConsistency result: ", "result":"Compare result: Encryption Keys is consistent. local entities count is: 1 local entities hash is: +vPHEn5do8dQQD7dHL6cgmepFco="}
{"logTime": "0910/084147", "correlationVector":"d2B1Rsv2olyKuzz4jUUgXZ.1","action":"CompareDataConsistency result: ", "result":"Compare result: Bookmarks is consistent. local entities count is: 8 local entities hash is: 8OFnNaVLJpAAy0JrUm9O96tXiZQ="}
{"logTime": "0910/084147", "correlationVector":"d2B1Rsv2olyKuzz4jUUgXZ.2","action":"CompareDataConsistency result: ", "result":"Compare result: Preferences is consistent. local entities count is: 62 local entities hash is: sDhZKaFdawhQn5M/QKVwBSEG2PY="}
{"logTime": "0910/084147", "correlationVector":"d2B1Rsv2olyKuzz4jUUgXZ.3","action":"CompareDataConsistency result: ", "result":"Compare result: Extensions is consistent. local entities count is: 0 local entities hash is: "}
{"logTime": "0910/084147", "correlationVector":"d2B1Rsv2olyKuzz4jUUgXZ.4","action":"CompareDataConsistency result: ", "result":"Compare result: Extension settings is consistent. local entities count is: 0 local entities hash is: "}
{"logTime": "0910/084147", "correlationVector":"d2B1Rsv2olyKuzz4jUUgXZ.5","action":"CompareDataConsistency result: ", "result":"Server did not send this Send Tab To Self local entities count is: 0 local entities hash is: "}
{"logTime": "0910/084147", "correlationVector":"d2B1Rsv2olyKuzz4jUUgXZ.6","action":"CompareDataConsistency result: ", "result":"Compare result: Web Apps is consistent. local entities count is: 0 local entities hash is: "}
{"logTime": "0910/084147", "correlationVector":"d2B1Rsv2olyKuzz4jUUgXZ.7","action":"CompareDataConsistency result: ", "result":"Compare result: Collection is consistent. local entities count is: 0 local entities hash is: "}
{"logTime": "0910/084147", "correlationVector":"d2B1Rsv2olyKuzz4jUUgXZ.8","action":"CompareDataConsistency result: ", "result":"Compare result: Edge E Drop is consistent. local entities count is: 0 local entities hash is: "}
{"logTime": "0910/084147", "correlationVector":"d2B1Rsv2olyKuzz4jUUgXZ.9","action":"CompareDataConsistency result: ", "result":"Compare result: Edge Wallet is consistent. local entities count is: 0 local entities hash is: "}
{"logTime": "0910/084147", "correlationVector":"d2B1Rsv2olyKuzz4jUUgXZ.10","action":"CompareDataConsistency result: ", "result":"Compare result: Passwords is consistent. local entities count is: 13 local entities hash is: U51k65M34RWkFA1VX4ABqvgSOlM="}
{"logTime": "0910/084148", "correlationVector":"","action":"DIAGNOSTIC_REQUEST|v1/diagnosticData/Diagnostic.SendCheckResult()|SUCCESS", "result":""}
{"logTime": "0910/084525", "correlationVector":"z24Zny+F4AxFSDN0zwjg5d","action":"Normal GetUpdate request", "result":"", "context":cV=z24Zny+F4AxFSDN0zwjg5d
Notified types: Bookmarks, Device Info}
{"logTime": "0910/084526", "correlationVector":"z24Zny+F4AxFSDN0zwjg5d.1","action":"SyncServerConnectionManagerRequest", "result":"SYNC_SERVER_OK", "context":{"environment":"Prod_NorthEurope_000h", "migrationStage":"NotStarted", "server":"GENERAL0100000R"}}
{"logTime": "0910/084526", "correlationVector":"z24Zny+F4AxFSDN0zwjg5d.2","action":"GetUpdates Response", "result":"Success", "context":Received 4 update(s). cV=z24Zny+F4AxFSDN0zwjg5d.0;server=GENERAL0100000R;cloudType=Consumer;environment=Prod_NorthEurope_000h;migrationStage=NotStarted}
{"logTime": "0910/084633", "correlationVector":"irYsYUIhP3SBEKcmg1BeKO","action":"Normal GetUpdate request", "result":"", "context":cV=irYsYUIhP3SBEKcmg1BeKO
Refresh requested types: Bookmarks, Preferences, Passwords, Autofill Profiles, Autofill, Extensions, Extension settings, Device Info, User Consents, Send Tab To Self, Web Apps, Collection, Edge E Drop, Edge Hub App Usage, Edge Wallet, Encryption Keys}
{"logTime": "0910/084647", "correlationVector":"irYsYUIhP3SBEKcmg1BeKO.1","action":"SyncServerConnectionManagerRequest", "result":"SYNC_SERVER_OK", "context":{"environment":"Prod_WestEurope_x00e", "migrationStage":"NotStarted", "server":"GENERAL0200002O"}}
{"logTime": "0910/084647", "correlationVector":"irYsYUIhP3SBEKcmg1BeKO.2","action":"GetUpdates Response", "result":"Success", "context":Received 0 update(s). cV=irYsYUIhP3SBEKcmg1BeKO.0;server=GENERAL0200002O;cloudType=Consumer;environment=Prod_WestEurope_x00e;migrationStage=NotStarted}
{"logTime": "0910/084657", "correlationVector":"LFaayPV9g4RnBjrovdxDqu","action":"Normal GetUpdate request", "result":"", "context":cV=LFaayPV9g4RnBjrovdxDqu
Notified types: Preferences}
{"logTime": "0910/084704", "correlationVector":"LFaayPV9g4RnBjrovdxDqu.1","action":"SyncServerConnectionManagerRequest", "result":"SYNC_SERVER_OK", "context":{"environment":"Prod_WestEurope_x00e", "migrationStage":"NotStarted", "server":"general0100002L"}}
{"logTime": "0910/084704", "correlationVector":"LFaayPV9g4RnBjrovdxDqu.2","action":"GetUpdates Response", "result":"Success", "context":Received 2 update(s). cV=LFaayPV9g4RnBjrovdxDqu.0;server=general0100002L;cloudType=Consumer;environment=Prod_WestEurope_x00e;migrationStage=NotStarted}
{"logTime": "0910/084705", "correlationVector":"DXlY4rUjAUTNkXrQShyLqW","action":"Normal GetUpdate request", "result":"", "context":cV=DXlY4rUjAUTNkXrQShyLqW
Notified types: Preferences}
{"logTime": "0910/084705", "correlationVector":"DXlY4rUjAUTNkXrQShyLqW.1","action":"SyncServerConnectionManagerRequest", "result":"SYNC_SERVER_OK", "context":{"environment":"Prod_NorthEurope_000h", "migrationStage":"NotStarted", "server":"GENERAL0100001Q"}}
{"logTime": "0910/084705", "correlationVector":"DXlY4rUjAUTNkXrQShyLqW.2","action":"GetUpdates Response", "result":"Success", "context":Received 0 update(s). cV=DXlY4rUjAUTNkXrQShyLqW.0;server=GENERAL0100001Q;cloudType=Consumer;environment=Prod_NorthEurope_000h;migrationStage=NotStarted}
{"logTime": "0910/085133", "correlationVector":"Kmeu/fkJlTo/kG2Tm0H+NX","action":"Normal GetUpdate request", "result":"", "context":cV=Kmeu/fkJlTo/kG2Tm0H+NX
Refresh requested types: Bookmarks, Preferences, Passwords, Autofill Profiles, Autofill, Extensions, Extension settings, Device Info, User Consents, Send Tab To Self, Web Apps, Collection, Edge E Drop, Edge Hub App Usage, Edge Wallet, Encryption Keys}
{"logTime": "0910/085139", "correlationVector":"Kmeu/fkJlTo/kG2Tm0H+NX","action":"SyncServerConnectionManagerRequest", "result":"CONNECTION_UNAVAILABLE", "context":{"error_type":"net_error_code", "error_value":"-106"}}
{"logTime": "0910/085139", "correlationVector":"dAhtyTajZrCdHSob2Imgx7.0","action":"GetUpdates Response", "result":"Network error (ERR_INTERNET_DISCONNECTED)", "context":Received error: Network error (ERR_INTERNET_DISCONNECTED). }
{"logTime": "0910/085254", "correlationVector":"hjuaU/M95Cak4mVhby73ep","action":"Normal GetUpdate request", "result":"", "context":cV=hjuaU/M95Cak4mVhby73ep
Refresh requested types: Bookmarks, Preferences, Passwords, Autofill Profiles, Autofill, Extensions, Extension settings, Device Info, User Consents, Send Tab To Self, Web Apps, Collection, Edge E Drop, Edge Hub App Usage, Edge Wallet, Encryption Keys}
{"logTime": "0910/085300", "correlationVector":"hjuaU/M95Cak4mVhby73ep","action":"SyncServerConnectionManagerRequest", "result":"CONNECTION_UNAVAILABLE", "context":{"error_type":"net_error_code", "error_value":"-106"}}
{"logTime": "0910/085300", "correlationVector":"phnIMTE8JFDdSqRiKUZ9rU.0","action":"GetUpdates Response", "result":"Network error (ERR_INTERNET_DISCONNECTED)", "context":Received error: Network error (ERR_INTERNET_DISCONNECTED). }
{"logTime": "0910/085539", "correlationVector":"4haaeipgfyc+roBel4Czfm","action":"Normal GetUpdate request", "result":"", "context":cV=4haaeipgfyc+roBel4Czfm
Refresh requested types: Bookmarks, Preferences, Passwords, Autofill Profiles, Autofill, Extensions, Extension settings, Device Info, User Consents, Send Tab To Self, Web Apps, Collection, Edge E Drop, Edge Hub App Usage, Edge Wallet, Encryption Keys}
{"logTime": "0910/085539", "correlationVector":"4haaeipgfyc+roBel4Czfm.1","action":"SyncServerConnectionManagerRequest", "result":"SYNC_SERVER_OK", "context":{"environment":"Prod_WestEurope_000l", "migrationStage":"NotStarted", "server":"GENERAL0100001A"}}
{"logTime": "0910/085539", "correlationVector":"4haaeipgfyc+roBel4Czfm.2","action":"GetUpdates Response", "result":"Success", "context":Received 0 update(s). cV=4haaeipgfyc+roBel4Czfm.0;server=GENERAL0100001A;cloudType=Consumer;environment=Prod_WestEurope_000l;migrationStage=NotStarted}
{"logTime": "0910/085633", "correlationVector":"ah6KpiLuX67P7iuk+S8mFW","action":"Normal GetUpdate request", "result":"", "context":cV=ah6KpiLuX67P7iuk+S8mFW
Refresh requested types: Bookmarks, Preferences, Passwords, Autofill Profiles, Autofill, Extensions, Extension settings, Device Info, User Consents, Send Tab To Self, Web Apps, Collection, Edge E Drop, Edge Hub App Usage, Edge Wallet, Encryption Keys}
{"logTime": "0910/085634", "correlationVector":"ah6KpiLuX67P7iuk+S8mFW.1","action":"SyncServerConnectionManagerRequest", "result":"SYNC_SERVER_OK", "context":{"environment":"Prod_WestEurope_000l", "migrationStage":"NotStarted", "server":"GENERAL0100000U"}}
{"logTime": "0910/085634", "correlationVector":"ah6KpiLuX67P7iuk+S8mFW.2","action":"GetUpdates Response", "result":"Success", "context":Received 0 update(s). cV=ah6KpiLuX67P7iuk+S8mFW.0;server=GENERAL0100000U;cloudType=Consumer;environment=Prod_WestEurope_000l;migrationStage=NotStarted}
{"logTime": "0910/090131", "correlationVector":"Zx7LGqnP3bnloiCtRuhdwQ","action":"Normal GetUpdate request", "result":"", "context":cV=Zx7LGqnP3bnloiCtRuhdwQ
Notified types: Preferences}
{"logTime": "0910/090132", "correlationVector":"Zx7LGqnP3bnloiCtRuhdwQ.1","action":"SyncServerConnectionManagerRequest", "result":"SYNC_SERVER_OK", "context":{"environment":"Prod_NorthEurope_000h", "migrationStage":"NotStarted", "server":"GENERAL01000010"}}
{"logTime": "0910/090132", "correlationVector":"Zx7LGqnP3bnloiCtRuhdwQ.2","action":"GetUpdates Response", "result":"Success", "context":Received 1 update(s). cV=Zx7LGqnP3bnloiCtRuhdwQ.0;server=GENERAL01000010;cloudType=Consumer;environment=Prod_NorthEurope_000h;migrationStage=NotStarted}
