2024-09-10T08:41:32.168Z P:5380 T:14952] SyncServiceImpl::Initialize,SyncState after authenticated was: NotSignedIn
2024-09-10T08:41:33.034Z P:5380 T:14952] SyncServiceImpl::TryStartImpl,Try to start sync engine
2024-09-10T08:41:33.039Z P:5380 T:16244] SyncManagerImpl::ConfigureSyncer,Types to download: Encryption Keys
2024-09-10T08:41:34.093Z P:5380 T:14952] SyncAuthManager::SetLastAuthError,Current auth error: None
2024-09-10T08:41:34.093Z P:5380 T:14952] SyncAuthManager::EdgeLogTokenErrorState,Token error with: None for account type: MSA
2024-09-10T08:41:34.093Z P:5380 T:14952] SyncServiceImpl::CredentialsChanged,Credentials changed for: EdgeSyncScopeNew
2024-09-10T08:41:38.367Z P:5380 T:14952] SyncAuthManager::SetLastAuthError,Current auth error: None
2024-09-10T08:41:38.367Z P:5380 T:14952] SyncAuthManager::EdgeLogTokenErrorState,Token error with: None for account type: MSA
2024-09-10T08:41:38.367Z P:5380 T:14952] SyncServiceImpl::CredentialsChangedForKeyData,Credentials changed for: EdgeSyncKeyDataScope
2024-09-10T08:41:39.124Z P:5380 T:14952] SyncServiceImpl::OnEngineInitialized,Initialize engine with: Success
2024-09-10T08:41:39.126Z P:5380 T:14952] ModelLoadManager::Configure,Desired types without errors: Bookmarks, Preferences, Extensions, Extension settings, Device Info, User Consents, Send Tab To Self, Web Apps, Collection, Edge E Drop, Edge Hub App Usage, Edge Wallet, Encryption Keys and types with errors: Passwords, Autofill Profiles, Autofill
2024-09-10T08:41:39.126Z P:5380 T:14952] ModelLoadManager::ModelLoadCallback,Load Bookmarks: success
2024-09-10T08:41:39.126Z P:5380 T:14952] ModelLoadManager::LoadDesiredTypes,Loading type: Bookmarks
2024-09-10T08:41:39.126Z P:5380 T:14952] ModelLoadManager::LoadDesiredTypes,Loading type: Preferences
2024-09-10T08:41:39.126Z P:5380 T:14952] ModelLoadManager::LoadDesiredTypes,Loading type: Extensions
2024-09-10T08:41:39.126Z P:5380 T:14952] ModelLoadManager::LoadDesiredTypes,Loading type: Extension settings
2024-09-10T08:41:39.127Z P:5380 T:14952] ModelLoadManager::LoadDesiredTypes,Loading type: Device Info
2024-09-10T08:41:39.127Z P:5380 T:14952] ModelLoadManager::LoadDesiredTypes,Loading type: User Consents
2024-09-10T08:41:39.127Z P:5380 T:14952] ModelLoadManager::LoadDesiredTypes,Loading type: Send Tab To Self
2024-09-10T08:41:39.127Z P:5380 T:14952] ModelLoadManager::LoadDesiredTypes,Loading type: Web Apps
2024-09-10T08:41:39.127Z P:5380 T:14952] ModelLoadManager::LoadDesiredTypes,Loading type: Collection
2024-09-10T08:41:39.127Z P:5380 T:14952] ModelLoadManager::LoadDesiredTypes,Loading type: Edge E Drop
2024-09-10T08:41:39.127Z P:5380 T:14952] ModelLoadManager::LoadDesiredTypes,Loading type: Edge Hub App Usage
2024-09-10T08:41:39.127Z P:5380 T:14952] ModelLoadManager::LoadDesiredTypes,Loading type: Edge Wallet
2024-09-10T08:41:39.130Z P:5380 T:14952] ModelLoadManager::ModelLoadCallback,Load Preferences: success
2024-09-10T08:41:39.130Z P:5380 T:14952] ModelLoadManager::ModelLoadCallback,Load Extensions: success
2024-09-10T08:41:39.130Z P:5380 T:14952] ModelLoadManager::ModelLoadCallback,Load Device Info: success
2024-09-10T08:41:39.130Z P:5380 T:14952] ModelLoadManager::ModelLoadCallback,Load Extension settings: success
2024-09-10T08:41:39.130Z P:5380 T:14952] ModelLoadManager::ModelLoadCallback,Load User Consents: success
2024-09-10T08:41:39.130Z P:5380 T:14952] ModelLoadManager::ModelLoadCallback,Load Send Tab To Self: success
2024-09-10T08:41:39.130Z P:5380 T:14952] ModelLoadManager::ModelLoadCallback,Load Web Apps: success
2024-09-10T08:41:39.131Z P:5380 T:14952] ModelLoadManager::ModelLoadCallback,Load Collection: success
2024-09-10T08:41:39.131Z P:5380 T:14952] ModelLoadManager::ModelLoadCallback,Load Edge Hub App Usage: success
2024-09-10T08:41:39.131Z P:5380 T:14952] ModelLoadManager::ModelLoadCallback,Load Edge E Drop: success
2024-09-10T08:41:39.131Z P:5380 T:14952] ModelLoadManager::ModelLoadCallback,Load Edge Wallet: success
2024-09-10T08:41:39.131Z P:5380 T:14952] DataTypeManagerImpl::OnAllDataTypesReadyForConfigure,Start to configure data types
2024-09-10T08:41:39.131Z P:5380 T:14952] DataTypeManagerImpl::StartNextConfiguration,Remain to be configured size: 4 and next configuring types are: Encryption Keys
2024-09-10T08:41:39.131Z P:5380 T:14952] DataTypeManagerImpl::PrepareConfigureParams,Prepare to be configured types: 
2024-09-10T08:41:42.483Z P:5380 T:12612] SyncManagerImpl::ConfigureSyncer,Types to download: 
2024-09-10T08:41:42.484Z P:5380 T:14952] DataTypeManagerImpl::ConfigurationCompleted,Need reconfigure with failed types: 
2024-09-10T08:41:42.484Z P:5380 T:14952] ModelLoadManager::Configure,Desired types without errors: Bookmarks, Preferences, Passwords, Autofill Profiles, Autofill, Extensions, Extension settings, Device Info, User Consents, Send Tab To Self, Web Apps, Collection, Edge E Drop, Edge Hub App Usage, Edge Wallet, Encryption Keys and types with errors: 
2024-09-10T08:41:42.484Z P:5380 T:14952] ModelLoadManager::LoadDesiredTypes,Loading type: Passwords
2024-09-10T08:41:42.484Z P:5380 T:14952] ModelLoadManager::LoadDesiredTypes,Loading type: Autofill Profiles
2024-09-10T08:41:42.484Z P:5380 T:14952] ModelLoadManager::LoadDesiredTypes,Loading type: Autofill
2024-09-10T08:41:42.484Z P:5380 T:14952] ModelLoadManager::ModelLoadCallback,Load Passwords: success
2024-09-10T08:41:42.484Z P:5380 T:14952] ModelLoadManager::ModelLoadCallback,Load Autofill Profiles: success
2024-09-10T08:41:42.484Z P:5380 T:14952] ModelLoadManager::ModelLoadCallback,Load Autofill: success
2024-09-10T08:41:42.484Z P:5380 T:14952] DataTypeManagerImpl::OnAllDataTypesReadyForConfigure,Start to configure data types
2024-09-10T08:41:42.484Z P:5380 T:14952] DataTypeManagerImpl::StartNextConfiguration,Remain to be configured size: 4 and next configuring types are: Encryption Keys
2024-09-10T08:41:42.484Z P:5380 T:14952] DataTypeManagerImpl::PrepareConfigureParams,Prepare to be configured types: 
2024-09-10T08:41:42.484Z P:5380 T:12612] SyncManagerImpl::ConfigureSyncer,Types to download: 
2024-09-10T08:41:42.484Z P:5380 T:14952] DataTypeManagerImpl::ConfigurationCompleted,Remain to be configured size: 3
2024-09-10T08:41:42.485Z P:5380 T:14952] DataTypeManagerImpl::StartNextConfiguration,Remain to be configured size: 3 and next configuring types are: Preferences, Passwords, Device Info, Send Tab To Self, Edge E Drop
2024-09-10T08:41:42.485Z P:5380 T:14952] DataTypeManagerImpl::PrepareConfigureParams,Prepare to be configured types: Preferences, Passwords, Device Info, Send Tab To Self, Edge E Drop, Encryption Keys
2024-09-10T08:41:42.485Z P:5380 T:12612] SyncManagerImpl::ConfigureSyncer,Types to download: Preferences, Passwords, Device Info, Send Tab To Self, Edge E Drop, Encryption Keys
2024-09-10T08:41:43.382Z P:5380 T:14952] DataTypeManagerImpl::ConfigurationCompleted,Remain to be configured size: 2
2024-09-10T08:41:43.382Z P:5380 T:14952] DataTypeManagerImpl::StartNextConfiguration,Remain to be configured size: 2 and next configuring types are: Bookmarks
2024-09-10T08:41:43.382Z P:5380 T:14952] DataTypeManagerImpl::PrepareConfigureParams,Prepare to be configured types: Bookmarks, Encryption Keys
2024-09-10T08:41:43.382Z P:5380 T:12612] SyncManagerImpl::ConfigureSyncer,Types to download: Bookmarks, Encryption Keys
2024-09-10T08:41:44.187Z P:5380 T:14952] DataTypeManagerImpl::ConfigurationCompleted,Remain to be configured size: 1
2024-09-10T08:41:44.188Z P:5380 T:14952] DataTypeManagerImpl::StartNextConfiguration,Remain to be configured size: 1 and next configuring types are: Autofill Profiles, Autofill, Extensions, Extension settings, User Consents, Web Apps, Collection, Edge Hub App Usage, Edge Wallet
2024-09-10T08:41:44.188Z P:5380 T:14952] DataTypeManagerImpl::PrepareConfigureParams,Prepare to be configured types: Autofill Profiles, Autofill, Extensions, Extension settings, Web Apps, Collection, Edge Hub App Usage, Edge Wallet, Encryption Keys
2024-09-10T08:41:44.188Z P:5380 T:12612] SyncManagerImpl::ConfigureSyncer,Types to download: Autofill Profiles, Autofill, Extensions, Extension settings, Web Apps, Collection, Edge Hub App Usage, Edge Wallet, Encryption Keys
2024-09-10T08:41:45.081Z P:5380 T:14952] DataTypeManagerImpl::ConfigurationCompleted,Remain to be configured size: 0
2024-09-10T08:41:45.082Z P:5380 T:14952] SyncServiceImpl::OnConfigureDone,Configure DataTypeManager with: Ok
2024-09-10T08:41:46.576Z P:5380 T:11104] Commit::PostAndProcessResponse,Process Bookmarks: Success
2024-09-10T08:41:46.576Z P:5380 T:11104] Commit::PostAndProcessResponse,Process Device Info: Success
2024-09-10T08:41:46.576Z P:5380 T:11104] Commit::PostAndProcessResponse,Process User Consents: Success
2024-09-10T08:51:39.661Z P:5380 T:12612] SyncSchedulerImpl::OnSyncNetworkError,Syncer error: Network error (ERR_INTERNET_DISCONNECTED)
2024-09-10T08:51:39.661Z P:5380 T:12612] SyncSchedulerImpl::DoNudgeSyncCycleJob,Syncer error: Success
2024-09-10T08:53:00.764Z P:5380 T:12612] SyncSchedulerImpl::OnSyncNetworkError,Syncer error: Network error (ERR_INTERNET_DISCONNECTED)
2024-09-10T08:53:00.764Z P:5380 T:12612] SyncSchedulerImpl::DoNudgeSyncCycleJob,Syncer error: Success
2024-09-10T09:01:46.191Z P:5380 T:14952] SyncServiceImpl::ResetEngine,Reset engine with reason: 0
